[0m[[0m[0mdebug[0m] [0m[0m> Exec(run, None, None)[0m
[0m[[0m[0mdebug[0m] [0m[0mEvaluating tasks: Compile / run[0m
[0m[[0m[0mdebug[0m] [0m[0mRunning task... Cancel: Signal, check cycles: false, forcegc: true[0m
[0m[[0m[0minfo[0m] [0m[0mcompiling 1 Scala source to /Users/jobvancreij/Desktop/scala_course/gameProgramming/target/scala-3.2.0/classes ...[0m
[0m[[0m[31merror[0m] [0m[0m[31m[31m-- Error: /Users/jobvancreij/Desktop/scala_course/gameProgramming/src/main/scala/day2_part_two.scala:12:3 [0m[0m[0m
[0m[[0m[31merror[0m] [0m[0m[31m12 |[0m}  [33mdef[0m comparableWords(allWords: List[String],[0m
[0m[[0m[31merror[0m] [0m[0m[31m[31m   |[0m   ^^^[0m[0m
[0m[[0m[31merror[0m] [0m[0m[31m   |[0m   end of toplevel definition expected but 'def' found[0m
[0m[[0m[31merror[0m] [0m[0m[31m[31m-- [E006] Not Found Error: /Users/jobvancreij/Desktop/scala_course/gameProgramming/src/main/scala/day2_part_two.scala:6:19 [0m[0m[0m
[0m[[0m[31merror[0m] [0m[0m[31m6 |[0m  [33mvar[0m [36mallWordsOg[0m = readFile()[0m
[0m[[0m[31merror[0m] [0m[0m[31m[31m  |[0m                   ^^^^^^^^[0m[0m
[0m[[0m[31merror[0m] [0m[0m[31m  |[0m                   Not found: readFile[0m
[0m[[0m[31merror[0m] [0m[0m[31m  |[0m[0m
[0m[[0m[31merror[0m] [0m[0m[31m  |[0m longer explanation available when compiling with `-explain`[0m
[0m[[0m[31merror[0m] [0m[0m[31m[31m-- [E006] Not Found Error: /Users/jobvancreij/Desktop/scala_course/gameProgramming/src/main/scala/day2_part_two.scala:7:10 [0m[0m[0m
[0m[[0m[31merror[0m] [0m[0m[31m7 |[0m  [33mvar[0m [36mx[0m = comparableWords(allWordsOg,allWordsOg)[0m
[0m[[0m[31merror[0m] [0m[0m[31m[31m  |[0m          ^^^^^^^^^^^^^^^[0m[0m
[0m[[0m[31merror[0m] [0m[0m[31m  |[0m          Not found: comparableWords[0m
[0m[[0m[31merror[0m] [0m[0m[31m  |[0m[0m
[0m[[0m[31merror[0m] [0m[0m[31m  |[0m longer explanation available when compiling with `-explain`[0m
[0m[[0m[31merror[0m] [0m[0mthree errors found[0m
[0m[[0m[31merror[0m] [0m[0m(Compile / [31mcompileIncremental[0m) Compilation failed[0m
[0m[[0m[31merror[0m] [0m[0mTotal time: 0 s, completed 8 Sep 2022, 16:20:35[0m
[0m[[0m[0mdebug[0m] [0m[0m> Exec(idea-shell, None, None)[0m
