[0m[[0m[0mdebug[0m] [0m[0m> Exec(run, None, None)[0m
[0m[[0m[33mwarn[0m] [0m[0mbuild source files have changed[0m
[0m[[0m[33mwarn[0m] [0m[0mmodified files: [0m
[0m[[0m[33mwarn[0m] [0m[0m  /Users/jobvancreij/Desktop/scala_course/gameProgramming/build.sbt[0m
[0m[[0m[33mwarn[0m] [0m[0mApply these changes by running `reload`.[0m
[0m[[0m[33mwarn[0m] [0m[0mAutomatically reload the build when source changes are detected by setting `Global / onChangedBuildSource := ReloadOnSourceChanges`.[0m
[0m[[0m[33mwarn[0m] [0m[0mDisable this warning by setting `Global / onChangedBuildSource := IgnoreSourceChanges`.[0m
[0m[[0m[0mdebug[0m] [0m[0mEvaluating tasks: Compile / run[0m
[0m[[0m[0mdebug[0m] [0m[0mRunning task... Cancel: Signal, check cycles: false, forcegc: true[0m
[0m[[0m[0minfo[0m] [0m[0mcompiling 6 Scala sources to /Users/jobvancreij/Desktop/scala_course/gameProgramming/target/scala-3.2.0/classes ...[0m
[0m[[0m[31merror[0m] [0m[0m[31m[31m-- [E006] Not Found Error: /Users/jobvancreij/Desktop/scala_course/gameProgramming/src/main/scala/course/chapter01/simpleExamp.scala:39:21 [0m[0m[0m
[0m[[0m[31merror[0m] [0m[0m[31m39 |[0m    (cup, ChargeCard(card: [35mCreditCard[0m, cup.price))[0m
[0m[[0m[31merror[0m] [0m[0m[31m[31m   |[0m                     ^^^^[0m[0m
[0m[[0m[31merror[0m] [0m[0m[31m   |[0m                     Not found: card[0m
[0m[[0m[31merror[0m] [0m[0m[31m   |[0m[0m
[0m[[0m[31merror[0m] [0m[0m[31m   |[0m longer explanation available when compiling with `-explain`[0m
[0m[[0m[31merror[0m] [0m[0m[31m[31m-- [E006] Not Found Error: /Users/jobvancreij/Desktop/scala_course/gameProgramming/src/main/scala/course/chapter01/simpleExamp.scala:56:62 [0m[0m[0m
[0m[[0m[31merror[0m] [0m[0m[31m56 |[0m    [33mval[0m [36mpuchchases[0m: [35mList[0m[([35mCoffee[0m, [35mChargeCard[0m)] = List.fill([31m1[0m)(buy)[0m
[0m[[0m[31merror[0m] [0m[0m[31m[31m   |[0m                                                              ^^^[0m[0m
[0m[[0m[31merror[0m] [0m[0m[31m   |[0m                                                          Not found: buy[0m
[0m[[0m[31merror[0m] [0m[0m[31m   |[0m[0m
[0m[[0m[31merror[0m] [0m[0m[31m   |[0m longer explanation available when compiling with `-explain`[0m
[0m[[0m[31merror[0m] [0m[0mtwo errors found[0m
[0m[[0m[0mdebug[0m] [0m[0mForcing garbage collection...[0m
[0m[[0m[31merror[0m] [0m[0m(Compile / [31mcompileIncremental[0m) Compilation failed[0m
[0m[[0m[31merror[0m] [0m[0mTotal time: 3 s, completed 28 Sep 2022, 12:13:34[0m
[0m[[0m[0mdebug[0m] [0m[0m> Exec(idea-shell, None, None)[0m
[0m[[0m[0mdebug[0m] [0m[0m> Exec(, None, None)[0m
[0m[[0m[0mdebug[0m] [0m[0m> Exec(idea-shell, None, None)[0m
